<?xml version="1.0" encoding="UTF-8"?>
<testng-results skipped="0" failed="0" ignored="0" total="1" passed="1">
  <reporter-output>
  </reporter-output>
  <suite name="WebDriver" duration-ms="8000" started-at="2020-01-27T15:26:02Z" finished-at="2020-01-27T15:26:10Z">
    <groups>
    </groups>
    <test name="Tests" duration-ms="8000" started-at="2020-01-27T15:26:02Z" finished-at="2020-01-27T15:26:10Z">
      <class name="TestNG.verifyaddbook">
        <test-method status="PASS" signature="launch()[pri:0, instance:TestNG.verifyaddbook@2c8d66b2]" name="launch" is-config="true" duration-ms="4933" started-at="2020-01-27T15:26:02Z" finished-at="2020-01-27T15:26:07Z">
          <reporter-output>
          </reporter-output>
        </test-method> <!-- launch -->
        <test-method status="PASS" signature="verify()[pri:0, instance:TestNG.verifyaddbook@2c8d66b2]" name="verify" duration-ms="874" started-at="2020-01-27T15:26:07Z" finished-at="2020-01-27T15:26:07Z">
          <reporter-output>
          </reporter-output>
        </test-method> <!-- verify -->
        <test-method status="PASS" signature="close()[pri:0, instance:TestNG.verifyaddbook@2c8d66b2]" name="close" is-config="true" duration-ms="2176" started-at="2020-01-27T15:26:07Z" finished-at="2020-01-27T15:26:10Z">
          <reporter-output>
          </reporter-output>
        </test-method> <!-- close -->
      </class> <!-- TestNG.verifyaddbook -->
    </test> <!-- Tests -->
  </suite> <!-- WebDriver -->
</testng-results>
