<?xml version="1.0" encoding="UTF-8"?>
<testng-results skipped="0" failed="0" ignored="0" total="1" passed="1">
  <reporter-output>
  </reporter-output>
  <suite name="WebDriver" duration-ms="8057" started-at="2020-01-27T15:14:41Z" finished-at="2020-01-27T15:14:49Z">
    <groups>
    </groups>
    <test name="Tests" duration-ms="8057" started-at="2020-01-27T15:14:41Z" finished-at="2020-01-27T15:14:49Z">
      <class name="TestNG.verifyaddbook">
        <test-method status="PASS" signature="launch()[pri:0, instance:TestNG.verifyaddbook@14acaea5]" name="launch" is-config="true" duration-ms="4996" started-at="2020-01-27T15:14:41Z" finished-at="2020-01-27T15:14:46Z">
          <reporter-output>
          </reporter-output>
        </test-method> <!-- launch -->
        <test-method status="PASS" signature="verify()[pri:0, instance:TestNG.verifyaddbook@14acaea5]" name="verify" duration-ms="868" started-at="2020-01-27T15:14:46Z" finished-at="2020-01-27T15:14:47Z">
          <reporter-output>
          </reporter-output>
        </test-method> <!-- verify -->
        <test-method status="PASS" signature="close()[pri:0, instance:TestNG.verifyaddbook@14acaea5]" name="close" is-config="true" duration-ms="2173" started-at="2020-01-27T15:14:47Z" finished-at="2020-01-27T15:14:49Z">
          <reporter-output>
          </reporter-output>
        </test-method> <!-- close -->
      </class> <!-- TestNG.verifyaddbook -->
    </test> <!-- Tests -->
  </suite> <!-- WebDriver -->
</testng-results>
